<?xml version="1.0" encoding="UTF-8"?>
<testsuite name="org.bankapp.users.impl.UserServiceImplTest" tests="5" skipped="0" failures="0" errors="0" timestamp="2021-05-14T16:49:34" hostname="DESKTOP-D58CC64" time="0.726">
  <properties/>
  <testcase name="getEmployees()" classname="org.bankapp.users.impl.UserServiceImplTest" time="0.466"/>
  <testcase name="testGetUser()" classname="org.bankapp.users.impl.UserServiceImplTest" time="0.004"/>
  <testcase name="updateUser()" classname="org.bankapp.users.impl.UserServiceImplTest" time="0.252"/>
  <testcase name="getUser()" classname="org.bankapp.users.impl.UserServiceImplTest" time="0.001"/>
  <testcase name="getUsers()" classname="org.bankapp.users.impl.UserServiceImplTest" time="0.001"/>
  <system-out><![CDATA[]]></system-out>
  <system-err><![CDATA[]]></system-err>
</testsuite>
