<?xml version="1.0" encoding="UTF-8"?>
<testsuite name="org.bankapp.users.impl.UserServiceImplTest" tests="5" skipped="0" failures="0" errors="0" timestamp="2021-05-14T17:40:52" hostname="DESKTOP-D58CC64" time="0.707">
  <properties/>
  <testcase name="getEmployees()" classname="org.bankapp.users.impl.UserServiceImplTest" time="0.453"/>
  <testcase name="testGetUser()" classname="org.bankapp.users.impl.UserServiceImplTest" time="0.005"/>
  <testcase name="updateUser()" classname="org.bankapp.users.impl.UserServiceImplTest" time="0.243"/>
  <testcase name="getUser()" classname="org.bankapp.users.impl.UserServiceImplTest" time="0.002"/>
  <testcase name="getUsers()" classname="org.bankapp.users.impl.UserServiceImplTest" time="0.002"/>
  <system-out><![CDATA[]]></system-out>
  <system-err><![CDATA[]]></system-err>
</testsuite>
